# JRE version: Java(TM) SE Runtime Environment 18.9 (11.0.12+8) (build 11.0.12+8-LTS-237)
# Java VM: Java HotSpot(TM) 64-Bit Server VM 18.9 (11.0.12+8-LTS-237, mixed mode, tiered, compressed oops, g1 gc, windows-amd64)
Heap:
 garbage-first heap   total 131072K, used 91625K [0x0000000080000000, 0x0000000100000000)
  region size 1024K, 32 young (32768K), 6 survivors (6144K)
 Metaspace       used 84782K, capacity 86798K, committed 86948K, reserved 1124352K
  class space    used 11025K, capacity 11751K, committed 11852K, reserved 1048576K
GC Heap History (10 events):
Event: 43.845 GC heap before
{Heap before GC invocations=17 (full 0):
 garbage-first heap   total 131072K, used 95737K [0x0000000080000000, 0x0000000100000000)
  region size 1024K, 48 young (49152K), 6 survivors (6144K)
 Metaspace       used 65450K, capacity 67065K, committed 67236K, reserved 1107968K
  class space    used 8337K, capacity 8955K, committed 9036K, reserved 1048576K
}
Event: 43.876 GC heap after
{Heap after GC invocations=18 (full 0):
 garbage-first heap   total 131072K, used 56347K [0x0000000080000000, 0x0000000100000000)
  region size 1024K, 4 young (4096K), 4 survivors (4096K)
 Metaspace       used 65450K, capacity 67065K, committed 67236K, reserved 1107968K
  class space    used 8337K, capacity 8955K, committed 9036K, reserved 1048576K
}
Event: 47.027 GC heap before
{Heap before GC invocations=18 (full 0):
 garbage-first heap   total 131072K, used 98331K [0x0000000080000000, 0x0000000100000000)
  region size 1024K, 45 young (46080K), 4 survivors (4096K)
 Metaspace       used 70218K, capacity 71823K, committed 72100K, reserved 1112064K
  class space    used 9092K, capacity 9700K, committed 9804K, reserved 1048576K
}
Event: 47.052 GC heap after
{Heap after GC invocations=19 (full 0):
 garbage-first heap   total 131072K, used 59003K [0x0000000080000000, 0x0000000100000000)
  region size 1024K, 3 young (3072K), 3 survivors (3072K)
 Metaspace       used 70218K, capacity 71823K, committed 72100K, reserved 1112064K
  class space    used 9092K, capacity 9700K, committed 9804K, reserved 1048576K
}
Event: 49.561 GC heap before
{Heap before GC invocations=19 (full 0):
 garbage-first heap   total 131072K, used 100987K [0x0000000080000000, 0x0000000100000000)
  region size 1024K, 44 young (45056K), 3 survivors (3072K)
 Metaspace       used 75265K, capacity 77087K, committed 77476K, reserved 1116160K
  class space    used 9789K, capacity 10435K, committed 10572K, reserved 1048576K
}
Event: 49.581 GC heap after
{Heap after GC invocations=20 (full 0):
 garbage-first heap   total 131072K, used 61110K [0x0000000080000000, 0x0000000100000000)
  region size 1024K, 5 young (5120K), 5 survivors (5120K)
 Metaspace       used 75265K, capacity 77087K, committed 77476K, reserved 1116160K
  class space    used 9789K, capacity 10435K, committed 10572K, reserved 1048576K
}
Event: 52.756 GC heap before
{Heap before GC invocations=20 (full 0):
 garbage-first heap   total 131072K, used 103094K [0x0000000080000000, 0x0000000100000000)
  region size 1024K, 46 young (47104K), 5 survivors (5120K)
 Metaspace       used 79044K, capacity 81038K, committed 81316K, reserved 1120256K
  class space    used 10304K, capacity 11043K, committed 11084K, reserved 1048576K
}
Event: 52.787 GC heap after
{Heap after GC invocations=21 (full 0):
 garbage-first heap   total 131072K, used 64155K [0x0000000080000000, 0x0000000100000000)
  region size 1024K, 6 young (6144K), 6 survivors (6144K)
 Metaspace       used 79044K, capacity 81038K, committed 81316K, reserved 1120256K
  class space    used 10304K, capacity 11043K, committed 11084K, reserved 1048576K
}
Event: 56.514 GC heap before
{Heap before GC invocations=21 (full 0):
 garbage-first heap   total 131072K, used 104091K [0x0000000080000000, 0x0000000100000000)
  region size 1024K, 46 young (47104K), 6 survivors (6144K)
 Metaspace       used 84538K, capacity 86627K, committed 86948K, reserved 1124352K
  class space    used 11001K, capacity 11743K, committed 11852K, reserved 1048576K
}
Event: 56.547 GC heap after
{Heap after GC invocations=22 (full 0):
 garbage-first heap   total 131072K, used 67049K [0x0000000080000000, 0x0000000100000000)
  region size 1024K, 6 young (6144K), 6 survivors (6144K)
 Metaspace       used 84538K, capacity 86627K, committed 86948K, reserved 1124352K
  class space    used 11001K, capacity 11743K, committed 11852K, reserved 1048576K
}

